<?xml version="1.0" encoding="UTF-8"?>
<testsuite name="MyTest-20201223151922" tests="2" file=".py" time="0.006" timestamp="2020-12-23T15:19:22" failures="0" errors="0" skipped="0">
	<testcase classname="MyTest" name="test_deleting" time="0.005" timestamp="2020-12-23T15:19:22" file="Mytest.py" line="76"/>
	<testcase classname="MyTest" name="test_peeking" time="0.001" timestamp="2020-12-23T15:19:22" file="Mytest.py" line="62"/>
</testsuite>
